<?xml version="1.0" encoding="utf-8" standalone="no"?>
<!--This file represents the results of running a test suite-->
<test-results name="C:\Projet\ReactiveXComponent.Net\ReactiveXComponentTest\bin\release\ReactiveXComponentTest.dll" total="9" errors="0" failures="0" not-run="0" inconclusive="0" ignored="0" skipped="0" invalid="0" date="2016-06-14" time="12:23:13">
  <environment nunit-version="2.6.4.14350" clr-version="2.0.50727.8689" os-version="Microsoft Windows NT 6.2.9200.0" platform="Win32NT" cwd="C:\Projet\ReactiveXComponent.Net" machine-name="PC-41" user="yahya.najar" user-domain="PC-41" />
  <culture-info current-culture="fr-FR" current-uiculture="fr-FR" />
  <test-suite type="Assembly" name="C:\Projet\ReactiveXComponent.Net\ReactiveXComponentTest\bin\release\ReactiveXComponentTest.dll" executed="True" result="Success" success="True" time="0.312" asserts="0">
    <results>
      <test-suite type="Namespace" name="ReactiveXComponentTest" executed="True" result="Success" success="True" time="0.306" asserts="0">
        <results>
          <test-suite type="Namespace" name="CommunicationTests" executed="True" result="Success" success="True" time="0.191" asserts="0">
            <results>
              <test-suite type="TestFixture" name="XCPublisherTest" executed="True" result="Success" success="True" time="0.167" asserts="0">
                <categories>
                  <category name="Unit Tests" />
                </categories>
                <results>
                  <test-case name="ReactiveXComponentTest.CommunicationTests.XCPublisherTest.SendEvent_GivenAComponentAStateMachineAnObjectAVisibility_ShouldCreateAHeaderAndSendItToEngine_Test" executed="True" result="Success" success="True" time="0.159" asserts="0" />
                </results>
              </test-suite>
              <test-suite type="TestFixture" name="XCSessionTest" executed="True" result="Success" success="True" time="0.010" asserts="0">
                <categories>
                  <category name="Unit Tests" />
                </categories>
                <results>
                  <test-case name="ReactiveXComponentTest.CommunicationTests.XCSessionTest.CreatePublisher_GivenNoArgs_ShouldReturnAValidPublisher" executed="True" result="Success" success="True" time="0.008" asserts="0" />
                </results>
              </test-suite>
            </results>
          </test-suite>
          <test-suite type="Namespace" name="ParserTests" executed="True" result="Success" success="True" time="0.096" asserts="0">
            <results>
              <test-suite type="TestFixture" name="ParserTest" executed="True" result="Success" success="True" time="0.095" asserts="0">
                <categories>
                  <category name="Unit Tests" />
                </categories>
                <results>
                  <test-case name="ReactiveXComponentTest.ParserTests.ParserTest.GetComponentCode_GivenComponent_ShouldReturnTheComponentIddentifier_Test" executed="True" result="Success" success="True" time="0.050" asserts="0" />
                  <test-case name="ReactiveXComponentTest.ParserTests.ParserTest.GetConsumerTopic_GiventComponentAndStateMachien_ShouldReturnAConsumerTopic_Test" executed="True" result="Success" success="True" time="0.004" asserts="0" />
                  <test-case name="ReactiveXComponentTest.ParserTests.ParserTest.GetGetPublisherEventCode_GivenAMessageType_ShouldReturnThePublisherEventCode_Test" executed="True" result="Success" success="True" time="0.004" asserts="0" />
                  <test-case name="ReactiveXComponentTest.ParserTests.ParserTest.GetPublisherTopic_GiventComponentStateMachienAndEventCode_ShouldReturnAPublisherTopic_Test" executed="True" result="Success" success="True" time="0.023" asserts="0" />
                  <test-case name="ReactiveXComponentTest.ParserTests.ParserTest.GetStateMachineCode_GivenComponentAndStateMachine_ShouldReturnTheStateMachineIddentifier_Test" executed="True" result="Success" success="True" time="0.001" asserts="0" />
                </results>
              </test-suite>
            </results>
          </test-suite>
          <test-suite type="TestFixture" name="XComponentApiTest" executed="True" result="Success" success="True" time="0.017" asserts="0">
            <categories>
              <category name="Unit Tests" />
            </categories>
            <results>
              <test-case name="ReactiveXComponentTest.XComponentApiTest.CreateFromXCApi_GivenXCApiStreamFile_ShouldReturnNewInstanceOfXCApi" executed="True" result="Success" success="True" time="0.012" asserts="0" />
              <test-case name="ReactiveXComponentTest.XComponentApiTest.CreateSession_GivenXCApiStreamFile_ShouldReturnNewInstanceSession" executed="True" result="Success" success="True" time="0.001" asserts="0" />
            </results>
          </test-suite>
        </results>
      </test-suite>
    </results>
  </test-suite>
</test-results>